<?xml version="1.0" encoding="UTF-8"?>
<!-- Generated by org.testng.reporters.JUnitXMLReporter -->
<testsuite ignored="40" hostname="LAPTOP-KJ6JMPDT" failures="0" tests="6" name="Test" time="0.164" errors="0" timestamp="2023-11-09T19:50:07 IST">
  <testcase classname="com.actitime.testscript.CapitalTask" name="deleteTask" time="0.006"/>
  <testcase classname="com.actitime.testscript.CapitalTask" name="modifyTask" time="0.002"/>
  <testcase classname="com.actitime.testscript.Capitalproject" name="deleteProject" time="0.003"/>
  <testcase classname="com.actitime.testscript.Capitalproject" name="modifyProject" time="0.007"/>
  <testcase classname="com.actitime.testscript.CapitalModule" name="deleteCapital" time="0.01"/>
  <testcase classname="com.actitime.testscript.CapitalModule" name="modifyCapital" time="0.005"/>
  <testcase classname="com.actitime.testscript.CustomerModule1" name="editCustomer" time="0.0">
    <ignored/>
  </testcase> <!-- editCustomer -->
  <testcase classname="Annotation.CustomerModule" name="modifyModule" time="0.0">
    <ignored/>
  </testcase> <!-- modifyModule -->
  <testcase classname="com.actitime.testscript.CustomerModule1" name="deleteCustomer" time="0.0">
    <ignored/>
  </testcase> <!-- deleteCustomer -->
  <testcase classname="Assertion.Verify_Title_TestNG" name="verifyTitle" time="0.0">
    <ignored/>
  </testcase> <!-- verifyTitle -->
  <testcase classname="com.actitime.generic.Base_Class" name="@AfterTest closeBrowser" time="0.0">
    <ignored/>
  </testcase> <!-- @AfterTest closeBrowser -->
  <testcase classname="com.actitime.testscript.CapitalTask" name="createTask" time="0.0">
    <ignored/>
  </testcase> <!-- createTask -->
  <testcase classname="com.actitime.testscript.CreateTask" name="createTask" time="0.0">
    <ignored/>
  </testcase> <!-- createTask -->
  <testcase classname="com.actitime.testscript.CustomerModule" name="createcustomer" time="0.0">
    <ignored/>
  </testcase> <!-- createcustomer -->
  <testcase classname="com.actitime.testscript.CustomerModule" name="deleteCustomer" time="0.0">
    <ignored/>
  </testcase> <!-- deleteCustomer -->
  <testcase classname="com.actitime.generic.Base_Class" name="@AfterTest closeBrowser" time="0.0">
    <ignored/>
  </testcase> <!-- @AfterTest closeBrowser -->
  <testcase classname="com.actitime.testscript.DemoTesting" name="testDemo" time="0.0">
    <ignored/>
  </testcase> <!-- testDemo -->
  <testcase classname="com.actitime.testscript.BuyerCustomer" name="deleteCustomer" time="0.0">
    <ignored/>
  </testcase> <!-- deleteCustomer -->
  <testcase classname="Annotation.CustomerModule" name="createModule" time="0.0">
    <ignored/>
  </testcase> <!-- createModule -->
  <testcase classname="com.actitime.testscript.BuyerCustomer" name="modifyCustomer" time="0.0">
    <ignored/>
  </testcase> <!-- modifyCustomer -->
  <testcase classname="com.actitime.generic.Base_Class" name="@AfterTest closeBrowser" time="0.0">
    <ignored/>
  </testcase> <!-- @AfterTest closeBrowser -->
  <testcase classname="Annotation.CustomerModule" name="deleteModule" time="0.0">
    <ignored/>
  </testcase> <!-- deleteModule -->
  <testcase classname="Data_Driven_Testing.Customer_Module" name="createModule" time="0.0">
    <ignored/>
  </testcase> <!-- createModule -->
  <testcase classname="Assertion.Verify_Title_TestNG1" name="verifyTitle" time="0.0">
    <ignored/>
  </testcase> <!-- verifyTitle -->
  <testcase classname="com.actitime.testscript.ClientTask" name="createTask" time="0.0">
    <ignored/>
  </testcase> <!-- createTask -->
  <testcase classname="com.actitime.testscript.CustomerModule" name="modifyCustomer" time="0.0">
    <ignored/>
  </testcase> <!-- modifyCustomer -->
  <testcase classname="Assertion.VErify_Title_TestNG2" name="verifyTitle" time="0.0">
    <ignored/>
  </testcase> <!-- verifyTitle -->
  <testcase classname="com.actitime.testscript.BuyerProject" name="deleteProject" time="0.0">
    <ignored/>
  </testcase> <!-- deleteProject -->
  <testcase classname="com.actitime.testscript.CustomerModule1" name="registerCustomer" time="0.0">
    <ignored/>
  </testcase> <!-- registerCustomer -->
  <testcase classname="com.actitime.testscript.CreateTask" name="deleteTask" time="0.0">
    <ignored/>
  </testcase> <!-- deleteTask -->
  <testcase classname="Assertion.VerifyTitle" name="verify" time="0.0">
    <ignored/>
  </testcase> <!-- verify -->
  <testcase classname="com.actitime.generic.Base_Class" name="@AfterTest closeBrowser" time="0.0">
    <ignored/>
  </testcase> <!-- @AfterTest closeBrowser -->
  <testcase classname="com.actitime.testscript.TestData" name="DemoTest" time="0.0">
    <ignored/>
  </testcase> <!-- DemoTest -->
  <testcase classname="com.actitime.generic.Base_Class" name="@AfterTest closeBrowser" time="0.0">
    <ignored/>
  </testcase> <!-- @AfterTest closeBrowser -->
  <testcase classname="com.actitime.testscript.VendorModule" name="creatCustomer" time="0.0">
    <ignored/>
  </testcase> <!-- creatCustomer -->
  <testcase classname="com.actitime.generic.Base_Class" name="@AfterTest closeBrowser" time="0.0">
    <ignored/>
  </testcase> <!-- @AfterTest closeBrowser -->
  <testcase classname="com.actitime.testscript.ClientModule" name="creatCustomer" time="0.0">
    <ignored/>
  </testcase> <!-- creatCustomer -->
  <testcase classname="com.actitime.testscript.CapitalModule" name="createCapital" time="0.0">
    <ignored/>
  </testcase> <!-- createCapital -->
  <testcase classname="com.actitime.testscript.BuyerProject" name="modifyProject" time="0.0">
    <ignored/>
  </testcase> <!-- modifyProject -->
  <testcase classname="Data_Driven_Testing.Customer_Module" name="deleteModule" time="0.0">
    <ignored/>
  </testcase> <!-- deleteModule -->
  <testcase classname="com.actitime.testscript.Capitalproject" name="createProject" time="0.0">
    <ignored/>
  </testcase> <!-- createProject -->
  <testcase classname="Data_Driven_Testing.Customer_Module" name="modifyModule" time="0.0">
    <ignored/>
  </testcase> <!-- modifyModule -->
  <testcase classname="com.actitime.testscript.BuyerCustomer" name="createCustomer" time="0.0">
    <ignored/>
  </testcase> <!-- createCustomer -->
  <testcase classname="com.actitime.testscript.CreateTask" name="modifyTask" time="0.0">
    <ignored/>
  </testcase> <!-- modifyTask -->
  <testcase classname="com.actitime.testscript.ClientProject" name="createProject" time="0.0">
    <ignored/>
  </testcase> <!-- createProject -->
  <testcase classname="com.actitime.testscript.BuyerProject" name="createProject" time="0.0">
    <ignored/>
  </testcase> <!-- createProject -->
</testsuite> <!-- Test -->
