<?xml version="1.0" encoding="UTF-8"?>
<testng-results ignored="0" total="1" passed="1" failed="0" skipped="0">
  <reporter-output>
    <line>
      <![CDATA[Open Browser]]>
    </line>
    <line>
      <![CDATA[Login]]>
    </line>
    <line>
      <![CDATA[Customer Created]]>
    </line>
    <line>
      <![CDATA[Logout]]>
    </line>
    <line>
      <![CDATA[Close browser]]>
    </line>
  </reporter-output>
  <suite started-at="2023-11-30T17:27:02 IST" name="Default suite" finished-at="2023-11-30T17:27:35 IST" duration-ms="32948">
    <groups>
    </groups>
    <test started-at="2023-11-30T17:27:02 IST" name="Default test" finished-at="2023-11-30T17:27:35 IST" duration-ms="32948">
      <class name="com.actitime.testscript.CreateCustomer">
        <test-method is-config="true" signature="openBrowser()[pri:0, instance:com.actitime.testscript.CreateCustomer@23e84203]" started-at="2023-11-30T17:27:02 IST" name="openBrowser" finished-at="2023-11-30T17:27:08 IST" duration-ms="5480" status="PASS">
          <reporter-output>
            <line>
              <![CDATA[Open Browser]]>
            </line>
          </reporter-output>
        </test-method> <!-- openBrowser -->
        <test-method is-config="true" signature="login()[pri:0, instance:com.actitime.testscript.CreateCustomer@23e84203]" started-at="2023-11-30T17:27:08 IST" name="login" finished-at="2023-11-30T17:27:12 IST" duration-ms="4307" status="PASS">
          <reporter-output>
            <line>
              <![CDATA[Login]]>
            </line>
          </reporter-output>
        </test-method> <!-- login -->
        <test-method signature="createCustomer()[pri:0, instance:com.actitime.testscript.CreateCustomer@23e84203]" started-at="2023-11-30T17:27:12 IST" name="createCustomer" finished-at="2023-11-30T17:27:32 IST" duration-ms="19954" status="PASS">
          <reporter-output>
            <line>
              <![CDATA[Customer Created]]>
            </line>
          </reporter-output>
        </test-method> <!-- createCustomer -->
        <test-method is-config="true" signature="logout()[pri:0, instance:com.actitime.testscript.CreateCustomer@23e84203]" started-at="2023-11-30T17:27:32 IST" name="logout" finished-at="2023-11-30T17:27:35 IST" duration-ms="2801" status="PASS">
          <reporter-output>
            <line>
              <![CDATA[Logout]]>
            </line>
          </reporter-output>
        </test-method> <!-- logout -->
        <test-method is-config="true" signature="closebroser()[pri:0, instance:com.actitime.testscript.CreateCustomer@23e84203]" started-at="2023-11-30T17:27:35 IST" name="closebroser" finished-at="2023-11-30T17:27:35 IST" duration-ms="317" status="PASS">
          <reporter-output>
            <line>
              <![CDATA[Close browser]]>
            </line>
          </reporter-output>
        </test-method> <!-- closebroser -->
      </class> <!-- com.actitime.testscript.CreateCustomer -->
    </test> <!-- Default test -->
  </suite> <!-- Default suite -->
</testng-results>
